2025-04-16 04:42:05,992 - INFO - Concatenating feature vectors...
2025-04-16 04:42:06,049 - INFO - Full datasets sizes
2025-04-16 04:42:06,049 - INFO -  * D1 = 5000 x 128 (1 unique labels)
2025-04-16 04:42:06,049 - INFO -  * D2 = 65 x 128 (1 unique labels)
2025-04-16 04:42:06,049 - INFO - Pre-computing pairwise label Wasserstein distances D1 <-> D1...
2025-04-16 04:42:06,050 - INFO - Computing label-to-label (exact) wasserstein distances...
2025-04-16 04:42:06,050 - INFO - Pre-computing pairwise label Wasserstein distances D2 <-> D2...
2025-04-16 04:42:06,050 - INFO - Computing label-to-label (exact) wasserstein distances...
2025-04-16 04:42:06,050 - INFO - Pre-computing pairwise label Wasserstein distances D1 <-> D2...
2025-04-16 04:42:06,050 - INFO - Computing label-to-label (exact) wasserstein distances...
2025-04-16 04:42:06,078 - INFO - /* Time to precompute label distances: 0.08584117889404297 */
2025-04-16 04:42:06,078 - INFO - Concatenating feature vectors...
2025-04-16 04:42:06,078 - INFO - Full datasets sizes
2025-04-16 04:42:06,078 - INFO -  * D1 = 5000 x 128 (1 unique labels)
2025-04-16 04:42:06,078 - INFO -  * D2 = 65 x 128 (1 unique labels)
2025-04-16 04:42:22,176 - INFO - Concatenating feature vectors...
2025-04-16 04:42:22,232 - INFO - Full datasets sizes
2025-04-16 04:42:22,232 - INFO -  * D1 = 5000 x 128 (1 unique labels)
2025-04-16 04:42:22,232 - INFO -  * D2 = 65 x 128 (1 unique labels)
2025-04-16 04:42:22,232 - INFO - Pre-computing pairwise label Wasserstein distances D1 <-> D1...
2025-04-16 04:42:22,232 - INFO - Computing label-to-label (exact) wasserstein distances...
2025-04-16 04:42:22,232 - INFO - Pre-computing pairwise label Wasserstein distances D2 <-> D2...
2025-04-16 04:42:22,232 - INFO - Computing label-to-label (exact) wasserstein distances...
2025-04-16 04:42:22,232 - INFO - Pre-computing pairwise label Wasserstein distances D1 <-> D2...
2025-04-16 04:42:22,233 - INFO - Computing label-to-label (exact) wasserstein distances...
2025-04-16 04:42:22,260 - INFO - /* Time to precompute label distances: 0.0831911563873291 */
2025-04-16 04:42:22,260 - INFO - Concatenating feature vectors...
2025-04-16 04:42:22,260 - INFO - Full datasets sizes
2025-04-16 04:42:22,260 - INFO -  * D1 = 5000 x 128 (1 unique labels)
2025-04-16 04:42:22,260 - INFO -  * D2 = 65 x 128 (1 unique labels)
2025-04-16 04:42:39,899 - INFO - Concatenating feature vectors...
2025-04-16 04:42:39,953 - INFO - Full datasets sizes
2025-04-16 04:42:39,953 - INFO -  * D1 = 5000 x 128 (1 unique labels)
2025-04-16 04:42:39,953 - INFO -  * D2 = 65 x 128 (1 unique labels)
2025-04-16 04:42:39,953 - INFO - Pre-computing pairwise label Wasserstein distances D1 <-> D1...
2025-04-16 04:42:39,954 - INFO - Computing label-to-label (exact) wasserstein distances...
2025-04-16 04:42:39,954 - INFO - Pre-computing pairwise label Wasserstein distances D2 <-> D2...
2025-04-16 04:42:39,954 - INFO - Computing label-to-label (exact) wasserstein distances...
2025-04-16 04:42:39,954 - INFO - Pre-computing pairwise label Wasserstein distances D1 <-> D2...
2025-04-16 04:42:39,954 - INFO - Computing label-to-label (exact) wasserstein distances...
2025-04-16 04:42:39,981 - INFO - /* Time to precompute label distances: 0.08181142807006836 */
2025-04-16 04:42:39,981 - INFO - Concatenating feature vectors...
2025-04-16 04:42:39,981 - INFO - Full datasets sizes
2025-04-16 04:42:39,981 - INFO -  * D1 = 5000 x 128 (1 unique labels)
2025-04-16 04:42:39,982 - INFO -  * D2 = 65 x 128 (1 unique labels)
2025-04-16 04:42:56,669 - INFO - Concatenating feature vectors...
2025-04-16 04:42:56,725 - INFO - Full datasets sizes
2025-04-16 04:42:56,725 - INFO -  * D1 = 5000 x 128 (1 unique labels)
2025-04-16 04:42:56,725 - INFO -  * D2 = 65 x 128 (1 unique labels)
2025-04-16 04:42:56,725 - INFO - Pre-computing pairwise label Wasserstein distances D1 <-> D1...
2025-04-16 04:42:56,726 - INFO - Computing label-to-label (exact) wasserstein distances...
2025-04-16 04:42:56,726 - INFO - Pre-computing pairwise label Wasserstein distances D2 <-> D2...
2025-04-16 04:42:56,726 - INFO - Computing label-to-label (exact) wasserstein distances...
2025-04-16 04:42:56,726 - INFO - Pre-computing pairwise label Wasserstein distances D1 <-> D2...
2025-04-16 04:42:56,726 - INFO - Computing label-to-label (exact) wasserstein distances...
2025-04-16 04:42:56,753 - INFO - /* Time to precompute label distances: 0.08412528038024902 */
2025-04-16 04:42:56,753 - INFO - Concatenating feature vectors...
2025-04-16 04:42:56,754 - INFO - Full datasets sizes
2025-04-16 04:42:56,754 - INFO -  * D1 = 5000 x 128 (1 unique labels)
2025-04-16 04:42:56,754 - INFO -  * D2 = 65 x 128 (1 unique labels)
2025-04-16 04:43:12,716 - INFO - Concatenating feature vectors...
2025-04-16 04:43:12,778 - INFO - Full datasets sizes
2025-04-16 04:43:12,778 - INFO -  * D1 = 5000 x 128 (1 unique labels)
2025-04-16 04:43:12,778 - INFO -  * D2 = 65 x 128 (1 unique labels)
2025-04-16 04:43:12,778 - INFO - Pre-computing pairwise label Wasserstein distances D1 <-> D1...
2025-04-16 04:43:12,779 - INFO - Computing label-to-label (exact) wasserstein distances...
2025-04-16 04:43:12,779 - INFO - Pre-computing pairwise label Wasserstein distances D2 <-> D2...
2025-04-16 04:43:12,779 - INFO - Computing label-to-label (exact) wasserstein distances...
2025-04-16 04:43:12,779 - INFO - Pre-computing pairwise label Wasserstein distances D1 <-> D2...
2025-04-16 04:43:12,780 - INFO - Computing label-to-label (exact) wasserstein distances...
2025-04-16 04:43:12,807 - INFO - /* Time to precompute label distances: 0.09155464172363281 */
2025-04-16 04:43:12,807 - INFO - Concatenating feature vectors...
2025-04-16 04:43:12,807 - INFO - Full datasets sizes
2025-04-16 04:43:12,808 - INFO -  * D1 = 5000 x 128 (1 unique labels)
2025-04-16 04:43:12,808 - INFO -  * D2 = 65 x 128 (1 unique labels)
2025-04-16 04:43:29,513 - INFO - Concatenating feature vectors...
2025-04-16 04:43:29,554 - INFO - Full datasets sizes
2025-04-16 04:43:29,554 - INFO -  * D1 = 5000 x 128 (1 unique labels)
2025-04-16 04:43:29,554 - INFO -  * D2 = 65 x 128 (1 unique labels)
2025-04-16 04:43:29,554 - INFO - Pre-computing pairwise label Wasserstein distances D1 <-> D1...
2025-04-16 04:43:29,555 - INFO - Computing label-to-label (exact) wasserstein distances...
2025-04-16 04:43:29,555 - INFO - Pre-computing pairwise label Wasserstein distances D2 <-> D2...
2025-04-16 04:43:29,555 - INFO - Computing label-to-label (exact) wasserstein distances...
2025-04-16 04:43:29,555 - INFO - Pre-computing pairwise label Wasserstein distances D1 <-> D2...
2025-04-16 04:43:29,555 - INFO - Computing label-to-label (exact) wasserstein distances...
2025-04-16 04:43:29,582 - INFO - /* Time to precompute label distances: 0.06937170028686523 */
2025-04-16 04:43:29,582 - INFO - Concatenating feature vectors...
2025-04-16 04:43:29,582 - INFO - Full datasets sizes
2025-04-16 04:43:29,582 - INFO -  * D1 = 5000 x 128 (1 unique labels)
2025-04-16 04:43:29,582 - INFO -  * D2 = 65 x 128 (1 unique labels)
2025-04-16 04:43:46,611 - INFO - Concatenating feature vectors...
2025-04-16 04:43:46,664 - INFO - Full datasets sizes
2025-04-16 04:43:46,664 - INFO -  * D1 = 5000 x 128 (1 unique labels)
2025-04-16 04:43:46,664 - INFO -  * D2 = 65 x 128 (1 unique labels)
2025-04-16 04:43:46,664 - INFO - Pre-computing pairwise label Wasserstein distances D1 <-> D1...
2025-04-16 04:43:46,665 - INFO - Computing label-to-label (exact) wasserstein distances...
2025-04-16 04:43:46,665 - INFO - Pre-computing pairwise label Wasserstein distances D2 <-> D2...
2025-04-16 04:43:46,665 - INFO - Computing label-to-label (exact) wasserstein distances...
2025-04-16 04:43:46,665 - INFO - Pre-computing pairwise label Wasserstein distances D1 <-> D2...
2025-04-16 04:43:46,665 - INFO - Computing label-to-label (exact) wasserstein distances...
2025-04-16 04:43:46,692 - INFO - /* Time to precompute label distances: 0.08173656463623047 */
2025-04-16 04:43:46,692 - INFO - Concatenating feature vectors...
2025-04-16 04:43:46,692 - INFO - Full datasets sizes
2025-04-16 04:43:46,693 - INFO -  * D1 = 5000 x 128 (1 unique labels)
2025-04-16 04:43:46,693 - INFO -  * D2 = 65 x 128 (1 unique labels)
2025-04-16 04:44:02,930 - INFO - Concatenating feature vectors...
2025-04-16 04:44:02,984 - INFO - Full datasets sizes
2025-04-16 04:44:02,984 - INFO -  * D1 = 5000 x 128 (1 unique labels)
2025-04-16 04:44:02,984 - INFO -  * D2 = 65 x 128 (1 unique labels)
2025-04-16 04:44:02,984 - INFO - Pre-computing pairwise label Wasserstein distances D1 <-> D1...
2025-04-16 04:44:02,985 - INFO - Computing label-to-label (exact) wasserstein distances...
2025-04-16 04:44:02,985 - INFO - Pre-computing pairwise label Wasserstein distances D2 <-> D2...
2025-04-16 04:44:02,985 - INFO - Computing label-to-label (exact) wasserstein distances...
2025-04-16 04:44:02,985 - INFO - Pre-computing pairwise label Wasserstein distances D1 <-> D2...
2025-04-16 04:44:02,985 - INFO - Computing label-to-label (exact) wasserstein distances...
2025-04-16 04:44:03,012 - INFO - /* Time to precompute label distances: 0.08191514015197754 */
2025-04-16 04:44:03,012 - INFO - Concatenating feature vectors...
2025-04-16 04:44:03,012 - INFO - Full datasets sizes
2025-04-16 04:44:03,012 - INFO -  * D1 = 5000 x 128 (1 unique labels)
2025-04-16 04:44:03,012 - INFO -  * D2 = 65 x 128 (1 unique labels)
2025-04-16 04:44:19,136 - INFO - Concatenating feature vectors...
2025-04-16 04:44:19,194 - INFO - Full datasets sizes
2025-04-16 04:44:19,194 - INFO -  * D1 = 5000 x 128 (1 unique labels)
2025-04-16 04:44:19,194 - INFO -  * D2 = 65 x 128 (1 unique labels)
2025-04-16 04:44:19,194 - INFO - Pre-computing pairwise label Wasserstein distances D1 <-> D1...
2025-04-16 04:44:19,195 - INFO - Computing label-to-label (exact) wasserstein distances...
2025-04-16 04:44:19,195 - INFO - Pre-computing pairwise label Wasserstein distances D2 <-> D2...
2025-04-16 04:44:19,195 - INFO - Computing label-to-label (exact) wasserstein distances...
2025-04-16 04:44:19,195 - INFO - Pre-computing pairwise label Wasserstein distances D1 <-> D2...
2025-04-16 04:44:19,195 - INFO - Computing label-to-label (exact) wasserstein distances...
2025-04-16 04:44:19,222 - INFO - /* Time to precompute label distances: 0.08632135391235352 */
2025-04-16 04:44:19,223 - INFO - Concatenating feature vectors...
2025-04-16 04:44:19,223 - INFO - Full datasets sizes
2025-04-16 04:44:19,223 - INFO -  * D1 = 5000 x 128 (1 unique labels)
2025-04-16 04:44:19,223 - INFO -  * D2 = 65 x 128 (1 unique labels)
2025-04-16 04:44:35,676 - INFO - Concatenating feature vectors...
2025-04-16 04:44:35,730 - INFO - Full datasets sizes
2025-04-16 04:44:35,730 - INFO -  * D1 = 5000 x 128 (1 unique labels)
2025-04-16 04:44:35,731 - INFO -  * D2 = 65 x 128 (1 unique labels)
2025-04-16 04:44:35,731 - INFO - Pre-computing pairwise label Wasserstein distances D1 <-> D1...
2025-04-16 04:44:35,731 - INFO - Computing label-to-label (exact) wasserstein distances...
2025-04-16 04:44:35,731 - INFO - Pre-computing pairwise label Wasserstein distances D2 <-> D2...
2025-04-16 04:44:35,731 - INFO - Computing label-to-label (exact) wasserstein distances...
2025-04-16 04:44:35,731 - INFO - Pre-computing pairwise label Wasserstein distances D1 <-> D2...
2025-04-16 04:44:35,732 - INFO - Computing label-to-label (exact) wasserstein distances...
2025-04-16 04:44:35,758 - INFO - /* Time to precompute label distances: 0.08203887939453125 */
2025-04-16 04:44:35,758 - INFO - Concatenating feature vectors...
2025-04-16 04:44:35,758 - INFO - Full datasets sizes
2025-04-16 04:44:35,758 - INFO -  * D1 = 5000 x 128 (1 unique labels)
2025-04-16 04:44:35,759 - INFO -  * D2 = 65 x 128 (1 unique labels)
2025-04-16 04:44:52,524 - INFO - Concatenating feature vectors...
2025-04-16 04:44:52,582 - INFO - Full datasets sizes
2025-04-16 04:44:52,582 - INFO -  * D1 = 5000 x 128 (1 unique labels)
2025-04-16 04:44:52,582 - INFO -  * D2 = 65 x 128 (1 unique labels)
2025-04-16 04:44:52,582 - INFO - Pre-computing pairwise label Wasserstein distances D1 <-> D1...
2025-04-16 04:44:52,582 - INFO - Computing label-to-label (exact) wasserstein distances...
2025-04-16 04:44:52,582 - INFO - Pre-computing pairwise label Wasserstein distances D2 <-> D2...
2025-04-16 04:44:52,583 - INFO - Computing label-to-label (exact) wasserstein distances...
2025-04-16 04:44:52,583 - INFO - Pre-computing pairwise label Wasserstein distances D1 <-> D2...
2025-04-16 04:44:52,583 - INFO - Computing label-to-label (exact) wasserstein distances...
2025-04-16 04:44:52,610 - INFO - /* Time to precompute label distances: 0.08580970764160156 */
2025-04-16 04:44:52,610 - INFO - Concatenating feature vectors...
2025-04-16 04:44:52,610 - INFO - Full datasets sizes
2025-04-16 04:44:52,610 - INFO -  * D1 = 5000 x 128 (1 unique labels)
2025-04-16 04:44:52,610 - INFO -  * D2 = 65 x 128 (1 unique labels)
2025-04-16 04:45:08,673 - INFO - Concatenating feature vectors...
2025-04-16 04:45:08,729 - INFO - Full datasets sizes
2025-04-16 04:45:08,729 - INFO -  * D1 = 5000 x 128 (1 unique labels)
2025-04-16 04:45:08,729 - INFO -  * D2 = 65 x 128 (1 unique labels)
2025-04-16 04:45:08,729 - INFO - Pre-computing pairwise label Wasserstein distances D1 <-> D1...
2025-04-16 04:45:08,730 - INFO - Computing label-to-label (exact) wasserstein distances...
2025-04-16 04:45:08,730 - INFO - Pre-computing pairwise label Wasserstein distances D2 <-> D2...
2025-04-16 04:45:08,730 - INFO - Computing label-to-label (exact) wasserstein distances...
2025-04-16 04:45:08,730 - INFO - Pre-computing pairwise label Wasserstein distances D1 <-> D2...
2025-04-16 04:45:08,730 - INFO - Computing label-to-label (exact) wasserstein distances...
2025-04-16 04:45:08,757 - INFO - /* Time to precompute label distances: 0.08459687232971191 */
2025-04-16 04:45:08,757 - INFO - Concatenating feature vectors...
2025-04-16 04:45:08,757 - INFO - Full datasets sizes
2025-04-16 04:45:08,757 - INFO -  * D1 = 5000 x 128 (1 unique labels)
2025-04-16 04:45:08,757 - INFO -  * D2 = 65 x 128 (1 unique labels)
2025-04-16 04:45:25,462 - INFO - Concatenating feature vectors...
2025-04-16 04:45:25,518 - INFO - Full datasets sizes
2025-04-16 04:45:25,518 - INFO -  * D1 = 5000 x 128 (1 unique labels)
2025-04-16 04:45:25,518 - INFO -  * D2 = 65 x 128 (1 unique labels)
2025-04-16 04:45:25,518 - INFO - Pre-computing pairwise label Wasserstein distances D1 <-> D1...
2025-04-16 04:45:25,519 - INFO - Computing label-to-label (exact) wasserstein distances...
2025-04-16 04:45:25,519 - INFO - Pre-computing pairwise label Wasserstein distances D2 <-> D2...
2025-04-16 04:45:25,519 - INFO - Computing label-to-label (exact) wasserstein distances...
2025-04-16 04:45:25,519 - INFO - Pre-computing pairwise label Wasserstein distances D1 <-> D2...
2025-04-16 04:45:25,519 - INFO - Computing label-to-label (exact) wasserstein distances...
2025-04-16 04:45:25,546 - INFO - /* Time to precompute label distances: 0.0836477279663086 */
2025-04-16 04:45:25,546 - INFO - Concatenating feature vectors...
2025-04-16 04:45:25,546 - INFO - Full datasets sizes
2025-04-16 04:45:25,546 - INFO -  * D1 = 5000 x 128 (1 unique labels)
2025-04-16 04:45:25,546 - INFO -  * D2 = 65 x 128 (1 unique labels)
2025-04-16 04:45:42,463 - INFO - Concatenating feature vectors...
2025-04-16 04:45:42,518 - INFO - Full datasets sizes
2025-04-16 04:45:42,518 - INFO -  * D1 = 5000 x 128 (1 unique labels)
2025-04-16 04:45:42,518 - INFO -  * D2 = 65 x 128 (1 unique labels)
2025-04-16 04:45:42,518 - INFO - Pre-computing pairwise label Wasserstein distances D1 <-> D1...
2025-04-16 04:45:42,518 - INFO - Computing label-to-label (exact) wasserstein distances...
2025-04-16 04:45:42,518 - INFO - Pre-computing pairwise label Wasserstein distances D2 <-> D2...
2025-04-16 04:45:42,518 - INFO - Computing label-to-label (exact) wasserstein distances...
2025-04-16 04:45:42,519 - INFO - Pre-computing pairwise label Wasserstein distances D1 <-> D2...
2025-04-16 04:45:42,519 - INFO - Computing label-to-label (exact) wasserstein distances...
2025-04-16 04:45:42,546 - INFO - /* Time to precompute label distances: 0.08254885673522949 */
2025-04-16 04:45:42,546 - INFO - Concatenating feature vectors...
2025-04-16 04:45:42,546 - INFO - Full datasets sizes
2025-04-16 04:45:42,546 - INFO -  * D1 = 5000 x 128 (1 unique labels)
2025-04-16 04:45:42,546 - INFO -  * D2 = 65 x 128 (1 unique labels)
2025-04-16 04:45:59,398 - INFO - Concatenating feature vectors...
2025-04-16 04:45:59,452 - INFO - Full datasets sizes
2025-04-16 04:45:59,452 - INFO -  * D1 = 5000 x 128 (1 unique labels)
2025-04-16 04:45:59,452 - INFO -  * D2 = 65 x 128 (1 unique labels)
2025-04-16 04:45:59,452 - INFO - Pre-computing pairwise label Wasserstein distances D1 <-> D1...
2025-04-16 04:45:59,452 - INFO - Computing label-to-label (exact) wasserstein distances...
2025-04-16 04:45:59,453 - INFO - Pre-computing pairwise label Wasserstein distances D2 <-> D2...
2025-04-16 04:45:59,453 - INFO - Computing label-to-label (exact) wasserstein distances...
2025-04-16 04:45:59,453 - INFO - Pre-computing pairwise label Wasserstein distances D1 <-> D2...
2025-04-16 04:45:59,453 - INFO - Computing label-to-label (exact) wasserstein distances...
2025-04-16 04:45:59,480 - INFO - /* Time to precompute label distances: 0.08212614059448242 */
2025-04-16 04:45:59,480 - INFO - Concatenating feature vectors...
2025-04-16 04:45:59,480 - INFO - Full datasets sizes
2025-04-16 04:45:59,480 - INFO -  * D1 = 5000 x 128 (1 unique labels)
2025-04-16 04:45:59,480 - INFO -  * D2 = 65 x 128 (1 unique labels)
2025-04-16 04:46:15,906 - INFO - Concatenating feature vectors...
2025-04-16 04:46:15,962 - INFO - Full datasets sizes
2025-04-16 04:46:15,962 - INFO -  * D1 = 5000 x 128 (1 unique labels)
2025-04-16 04:46:15,962 - INFO -  * D2 = 65 x 128 (1 unique labels)
2025-04-16 04:46:15,962 - INFO - Pre-computing pairwise label Wasserstein distances D1 <-> D1...
2025-04-16 04:46:15,963 - INFO - Computing label-to-label (exact) wasserstein distances...
2025-04-16 04:46:15,963 - INFO - Pre-computing pairwise label Wasserstein distances D2 <-> D2...
2025-04-16 04:46:15,963 - INFO - Computing label-to-label (exact) wasserstein distances...
2025-04-16 04:46:15,963 - INFO - Pre-computing pairwise label Wasserstein distances D1 <-> D2...
2025-04-16 04:46:15,963 - INFO - Computing label-to-label (exact) wasserstein distances...
2025-04-16 04:46:15,990 - INFO - /* Time to precompute label distances: 0.08427000045776367 */
2025-04-16 04:46:15,990 - INFO - Concatenating feature vectors...
2025-04-16 04:46:15,990 - INFO - Full datasets sizes
2025-04-16 04:46:15,990 - INFO -  * D1 = 5000 x 128 (1 unique labels)
2025-04-16 04:46:15,990 - INFO -  * D2 = 65 x 128 (1 unique labels)
2025-04-16 04:46:32,218 - INFO - Concatenating feature vectors...
2025-04-16 04:46:32,461 - INFO - Full datasets sizes
2025-04-16 04:46:32,461 - INFO -  * D1 = 5000 x 128 (1 unique labels)
2025-04-16 04:46:32,461 - INFO -  * D2 = 65 x 128 (1 unique labels)
2025-04-16 04:46:32,461 - INFO - Pre-computing pairwise label Wasserstein distances D1 <-> D1...
2025-04-16 04:46:32,462 - INFO - Computing label-to-label (exact) wasserstein distances...
2025-04-16 04:46:32,462 - INFO - Pre-computing pairwise label Wasserstein distances D2 <-> D2...
2025-04-16 04:46:32,462 - INFO - Computing label-to-label (exact) wasserstein distances...
2025-04-16 04:46:32,462 - INFO - Pre-computing pairwise label Wasserstein distances D1 <-> D2...
2025-04-16 04:46:32,462 - INFO - Computing label-to-label (exact) wasserstein distances...
2025-04-16 04:46:32,489 - INFO - /* Time to precompute label distances: 0.27141690254211426 */
2025-04-16 04:46:32,489 - INFO - Concatenating feature vectors...
2025-04-16 04:46:32,489 - INFO - Full datasets sizes
2025-04-16 04:46:32,489 - INFO -  * D1 = 5000 x 128 (1 unique labels)
2025-04-16 04:46:32,489 - INFO -  * D2 = 65 x 128 (1 unique labels)
2025-04-16 04:46:48,620 - INFO - Concatenating feature vectors...
2025-04-16 04:46:48,677 - INFO - Full datasets sizes
2025-04-16 04:46:48,678 - INFO -  * D1 = 5000 x 128 (1 unique labels)
2025-04-16 04:46:48,678 - INFO -  * D2 = 65 x 128 (1 unique labels)
2025-04-16 04:46:48,678 - INFO - Pre-computing pairwise label Wasserstein distances D1 <-> D1...
2025-04-16 04:46:48,678 - INFO - Computing label-to-label (exact) wasserstein distances...
2025-04-16 04:46:48,678 - INFO - Pre-computing pairwise label Wasserstein distances D2 <-> D2...
2025-04-16 04:46:48,678 - INFO - Computing label-to-label (exact) wasserstein distances...
2025-04-16 04:46:48,678 - INFO - Pre-computing pairwise label Wasserstein distances D1 <-> D2...
2025-04-16 04:46:48,679 - INFO - Computing label-to-label (exact) wasserstein distances...
2025-04-16 04:46:48,706 - INFO - /* Time to precompute label distances: 0.08594393730163574 */
2025-04-16 04:46:48,706 - INFO - Concatenating feature vectors...
2025-04-16 04:46:48,706 - INFO - Full datasets sizes
2025-04-16 04:46:48,706 - INFO -  * D1 = 5000 x 128 (1 unique labels)
2025-04-16 04:46:48,706 - INFO -  * D2 = 65 x 128 (1 unique labels)
2025-04-16 04:47:04,367 - INFO - Concatenating feature vectors...
2025-04-16 04:47:04,418 - INFO - Full datasets sizes
2025-04-16 04:47:04,418 - INFO -  * D1 = 5000 x 128 (1 unique labels)
2025-04-16 04:47:04,418 - INFO -  * D2 = 65 x 128 (1 unique labels)
2025-04-16 04:47:04,419 - INFO - Pre-computing pairwise label Wasserstein distances D1 <-> D1...
2025-04-16 04:47:04,419 - INFO - Computing label-to-label (exact) wasserstein distances...
2025-04-16 04:47:04,419 - INFO - Pre-computing pairwise label Wasserstein distances D2 <-> D2...
2025-04-16 04:47:04,419 - INFO - Computing label-to-label (exact) wasserstein distances...
2025-04-16 04:47:04,419 - INFO - Pre-computing pairwise label Wasserstein distances D1 <-> D2...
2025-04-16 04:47:04,419 - INFO - Computing label-to-label (exact) wasserstein distances...
2025-04-16 04:47:04,446 - INFO - /* Time to precompute label distances: 0.07929277420043945 */
2025-04-16 04:47:04,446 - INFO - Concatenating feature vectors...
2025-04-16 04:47:04,446 - INFO - Full datasets sizes
2025-04-16 04:47:04,446 - INFO -  * D1 = 5000 x 128 (1 unique labels)
2025-04-16 04:47:04,446 - INFO -  * D2 = 65 x 128 (1 unique labels)
2025-04-16 04:47:20,232 - INFO - Concatenating feature vectors...
2025-04-16 04:47:20,283 - INFO - Full datasets sizes
2025-04-16 04:47:20,283 - INFO -  * D1 = 5000 x 128 (1 unique labels)
2025-04-16 04:47:20,283 - INFO -  * D2 = 65 x 128 (1 unique labels)
2025-04-16 04:47:20,283 - INFO - Pre-computing pairwise label Wasserstein distances D1 <-> D1...
2025-04-16 04:47:20,284 - INFO - Computing label-to-label (exact) wasserstein distances...
2025-04-16 04:47:20,284 - INFO - Pre-computing pairwise label Wasserstein distances D2 <-> D2...
2025-04-16 04:47:20,284 - INFO - Computing label-to-label (exact) wasserstein distances...
2025-04-16 04:47:20,284 - INFO - Pre-computing pairwise label Wasserstein distances D1 <-> D2...
2025-04-16 04:47:20,284 - INFO - Computing label-to-label (exact) wasserstein distances...
2025-04-16 04:47:20,311 - INFO - /* Time to precompute label distances: 0.0789492130279541 */
2025-04-16 04:47:20,311 - INFO - Concatenating feature vectors...
2025-04-16 04:47:20,311 - INFO - Full datasets sizes
2025-04-16 04:47:20,311 - INFO -  * D1 = 5000 x 128 (1 unique labels)
2025-04-16 04:47:20,311 - INFO -  * D2 = 65 x 128 (1 unique labels)
2025-04-16 04:47:36,161 - INFO - Concatenating feature vectors...
2025-04-16 04:47:36,217 - INFO - Full datasets sizes
2025-04-16 04:47:36,217 - INFO -  * D1 = 5000 x 128 (1 unique labels)
2025-04-16 04:47:36,217 - INFO -  * D2 = 65 x 128 (1 unique labels)
2025-04-16 04:47:36,217 - INFO - Pre-computing pairwise label Wasserstein distances D1 <-> D1...
2025-04-16 04:47:36,218 - INFO - Computing label-to-label (exact) wasserstein distances...
2025-04-16 04:47:36,218 - INFO - Pre-computing pairwise label Wasserstein distances D2 <-> D2...
2025-04-16 04:47:36,218 - INFO - Computing label-to-label (exact) wasserstein distances...
2025-04-16 04:47:36,218 - INFO - Pre-computing pairwise label Wasserstein distances D1 <-> D2...
2025-04-16 04:47:36,218 - INFO - Computing label-to-label (exact) wasserstein distances...
2025-04-16 04:47:36,245 - INFO - /* Time to precompute label distances: 0.08399248123168945 */
2025-04-16 04:47:36,245 - INFO - Concatenating feature vectors...
2025-04-16 04:47:36,245 - INFO - Full datasets sizes
2025-04-16 04:47:36,245 - INFO -  * D1 = 5000 x 128 (1 unique labels)
2025-04-16 04:47:36,245 - INFO -  * D2 = 65 x 128 (1 unique labels)
2025-04-16 04:47:51,367 - INFO - Concatenating feature vectors...
2025-04-16 04:47:51,423 - INFO - Full datasets sizes
2025-04-16 04:47:51,423 - INFO -  * D1 = 5000 x 128 (1 unique labels)
2025-04-16 04:47:51,423 - INFO -  * D2 = 65 x 128 (1 unique labels)
2025-04-16 04:47:51,423 - INFO - Pre-computing pairwise label Wasserstein distances D1 <-> D1...
2025-04-16 04:47:51,423 - INFO - Computing label-to-label (exact) wasserstein distances...
2025-04-16 04:47:51,423 - INFO - Pre-computing pairwise label Wasserstein distances D2 <-> D2...
2025-04-16 04:47:51,423 - INFO - Computing label-to-label (exact) wasserstein distances...
2025-04-16 04:47:51,423 - INFO - Pre-computing pairwise label Wasserstein distances D1 <-> D2...
2025-04-16 04:47:51,424 - INFO - Computing label-to-label (exact) wasserstein distances...
2025-04-16 04:47:51,450 - INFO - /* Time to precompute label distances: 0.08300042152404785 */
2025-04-16 04:47:51,451 - INFO - Concatenating feature vectors...
2025-04-16 04:47:51,451 - INFO - Full datasets sizes
2025-04-16 04:47:51,451 - INFO -  * D1 = 5000 x 128 (1 unique labels)
2025-04-16 04:47:51,451 - INFO -  * D2 = 65 x 128 (1 unique labels)
2025-04-16 04:48:07,311 - INFO - Concatenating feature vectors...
2025-04-16 04:48:07,365 - INFO - Full datasets sizes
2025-04-16 04:48:07,365 - INFO -  * D1 = 5000 x 128 (1 unique labels)
2025-04-16 04:48:07,365 - INFO -  * D2 = 65 x 128 (1 unique labels)
2025-04-16 04:48:07,365 - INFO - Pre-computing pairwise label Wasserstein distances D1 <-> D1...
2025-04-16 04:48:07,365 - INFO - Computing label-to-label (exact) wasserstein distances...
2025-04-16 04:48:07,365 - INFO - Pre-computing pairwise label Wasserstein distances D2 <-> D2...
2025-04-16 04:48:07,365 - INFO - Computing label-to-label (exact) wasserstein distances...
2025-04-16 04:48:07,365 - INFO - Pre-computing pairwise label Wasserstein distances D1 <-> D2...
2025-04-16 04:48:07,366 - INFO - Computing label-to-label (exact) wasserstein distances...
2025-04-16 04:48:07,392 - INFO - /* Time to precompute label distances: 0.08148574829101562 */
2025-04-16 04:48:07,392 - INFO - Concatenating feature vectors...
2025-04-16 04:48:07,392 - INFO - Full datasets sizes
2025-04-16 04:48:07,392 - INFO -  * D1 = 5000 x 128 (1 unique labels)
2025-04-16 04:48:07,392 - INFO -  * D2 = 65 x 128 (1 unique labels)
2025-04-16 04:48:23,688 - INFO - Concatenating feature vectors...
2025-04-16 04:48:23,742 - INFO - Full datasets sizes
2025-04-16 04:48:23,743 - INFO -  * D1 = 5000 x 128 (1 unique labels)
2025-04-16 04:48:23,743 - INFO -  * D2 = 65 x 128 (1 unique labels)
2025-04-16 04:48:23,743 - INFO - Pre-computing pairwise label Wasserstein distances D1 <-> D1...
2025-04-16 04:48:23,743 - INFO - Computing label-to-label (exact) wasserstein distances...
2025-04-16 04:48:23,743 - INFO - Pre-computing pairwise label Wasserstein distances D2 <-> D2...
2025-04-16 04:48:23,744 - INFO - Computing label-to-label (exact) wasserstein distances...
2025-04-16 04:48:23,744 - INFO - Pre-computing pairwise label Wasserstein distances D1 <-> D2...
2025-04-16 04:48:23,744 - INFO - Computing label-to-label (exact) wasserstein distances...
2025-04-16 04:48:23,772 - INFO - /* Time to precompute label distances: 0.08370780944824219 */
2025-04-16 04:48:23,772 - INFO - Concatenating feature vectors...
2025-04-16 04:48:23,772 - INFO - Full datasets sizes
2025-04-16 04:48:23,772 - INFO -  * D1 = 5000 x 128 (1 unique labels)
2025-04-16 04:48:23,772 - INFO -  * D2 = 65 x 128 (1 unique labels)
2025-04-16 04:48:40,414 - INFO - Concatenating feature vectors...
2025-04-16 04:48:40,471 - INFO - Full datasets sizes
2025-04-16 04:48:40,471 - INFO -  * D1 = 5000 x 128 (1 unique labels)
2025-04-16 04:48:40,471 - INFO -  * D2 = 65 x 128 (1 unique labels)
2025-04-16 04:48:40,471 - INFO - Pre-computing pairwise label Wasserstein distances D1 <-> D1...
2025-04-16 04:48:40,472 - INFO - Computing label-to-label (exact) wasserstein distances...
2025-04-16 04:48:40,472 - INFO - Pre-computing pairwise label Wasserstein distances D2 <-> D2...
2025-04-16 04:48:40,472 - INFO - Computing label-to-label (exact) wasserstein distances...
2025-04-16 04:48:40,472 - INFO - Pre-computing pairwise label Wasserstein distances D1 <-> D2...
2025-04-16 04:48:40,472 - INFO - Computing label-to-label (exact) wasserstein distances...
2025-04-16 04:48:40,499 - INFO - /* Time to precompute label distances: 0.08492708206176758 */
2025-04-16 04:48:40,499 - INFO - Concatenating feature vectors...
2025-04-16 04:48:40,499 - INFO - Full datasets sizes
2025-04-16 04:48:40,499 - INFO -  * D1 = 5000 x 128 (1 unique labels)
2025-04-16 04:48:40,499 - INFO -  * D2 = 65 x 128 (1 unique labels)
2025-04-16 04:48:56,837 - INFO - Concatenating feature vectors...
2025-04-16 04:48:56,898 - INFO - Full datasets sizes
2025-04-16 04:48:56,898 - INFO -  * D1 = 5000 x 128 (1 unique labels)
2025-04-16 04:48:56,898 - INFO -  * D2 = 65 x 128 (1 unique labels)
2025-04-16 04:48:56,898 - INFO - Pre-computing pairwise label Wasserstein distances D1 <-> D1...
2025-04-16 04:48:56,898 - INFO - Computing label-to-label (exact) wasserstein distances...
2025-04-16 04:48:56,898 - INFO - Pre-computing pairwise label Wasserstein distances D2 <-> D2...
2025-04-16 04:48:56,898 - INFO - Computing label-to-label (exact) wasserstein distances...
2025-04-16 04:48:56,899 - INFO - Pre-computing pairwise label Wasserstein distances D1 <-> D2...
2025-04-16 04:48:56,899 - INFO - Computing label-to-label (exact) wasserstein distances...
2025-04-16 04:48:56,925 - INFO - /* Time to precompute label distances: 0.08815646171569824 */
2025-04-16 04:48:56,926 - INFO - Concatenating feature vectors...
2025-04-16 04:48:56,926 - INFO - Full datasets sizes
2025-04-16 04:48:56,926 - INFO -  * D1 = 5000 x 128 (1 unique labels)
2025-04-16 04:48:56,926 - INFO -  * D2 = 65 x 128 (1 unique labels)
2025-04-16 04:49:13,264 - INFO - Concatenating feature vectors...
2025-04-16 04:49:13,329 - INFO - Full datasets sizes
2025-04-16 04:49:13,329 - INFO -  * D1 = 5000 x 128 (1 unique labels)
2025-04-16 04:49:13,329 - INFO -  * D2 = 65 x 128 (1 unique labels)
2025-04-16 04:49:13,329 - INFO - Pre-computing pairwise label Wasserstein distances D1 <-> D1...
2025-04-16 04:49:13,330 - INFO - Computing label-to-label (exact) wasserstein distances...
2025-04-16 04:49:13,330 - INFO - Pre-computing pairwise label Wasserstein distances D2 <-> D2...
2025-04-16 04:49:13,330 - INFO - Computing label-to-label (exact) wasserstein distances...
2025-04-16 04:49:13,330 - INFO - Pre-computing pairwise label Wasserstein distances D1 <-> D2...
2025-04-16 04:49:13,330 - INFO - Computing label-to-label (exact) wasserstein distances...
2025-04-16 04:49:13,357 - INFO - /* Time to precompute label distances: 0.09270644187927246 */
2025-04-16 04:49:13,357 - INFO - Concatenating feature vectors...
2025-04-16 04:49:13,357 - INFO - Full datasets sizes
2025-04-16 04:49:13,357 - INFO -  * D1 = 5000 x 128 (1 unique labels)
2025-04-16 04:49:13,357 - INFO -  * D2 = 65 x 128 (1 unique labels)
2025-04-16 04:49:29,566 - INFO - Concatenating feature vectors...
2025-04-16 04:49:29,608 - INFO - Full datasets sizes
2025-04-16 04:49:29,608 - INFO -  * D1 = 5000 x 128 (1 unique labels)
2025-04-16 04:49:29,608 - INFO -  * D2 = 65 x 128 (1 unique labels)
2025-04-16 04:49:29,608 - INFO - Pre-computing pairwise label Wasserstein distances D1 <-> D1...
2025-04-16 04:49:29,609 - INFO - Computing label-to-label (exact) wasserstein distances...
2025-04-16 04:49:29,609 - INFO - Pre-computing pairwise label Wasserstein distances D2 <-> D2...
2025-04-16 04:49:29,609 - INFO - Computing label-to-label (exact) wasserstein distances...
2025-04-16 04:49:29,609 - INFO - Pre-computing pairwise label Wasserstein distances D1 <-> D2...
2025-04-16 04:49:29,609 - INFO - Computing label-to-label (exact) wasserstein distances...
2025-04-16 04:49:29,636 - INFO - /* Time to precompute label distances: 0.06960010528564453 */
2025-04-16 04:49:29,636 - INFO - Concatenating feature vectors...
2025-04-16 04:49:29,636 - INFO - Full datasets sizes
2025-04-16 04:49:29,636 - INFO -  * D1 = 5000 x 128 (1 unique labels)
2025-04-16 04:49:29,636 - INFO -  * D2 = 65 x 128 (1 unique labels)
2025-04-16 04:49:45,817 - INFO - Concatenating feature vectors...
2025-04-16 04:49:45,873 - INFO - Full datasets sizes
2025-04-16 04:49:45,873 - INFO -  * D1 = 5000 x 128 (1 unique labels)
2025-04-16 04:49:45,873 - INFO -  * D2 = 65 x 128 (1 unique labels)
2025-04-16 04:49:45,873 - INFO - Pre-computing pairwise label Wasserstein distances D1 <-> D1...
2025-04-16 04:49:45,873 - INFO - Computing label-to-label (exact) wasserstein distances...
2025-04-16 04:49:45,873 - INFO - Pre-computing pairwise label Wasserstein distances D2 <-> D2...
2025-04-16 04:49:45,873 - INFO - Computing label-to-label (exact) wasserstein distances...
2025-04-16 04:49:45,873 - INFO - Pre-computing pairwise label Wasserstein distances D1 <-> D2...
2025-04-16 04:49:45,874 - INFO - Computing label-to-label (exact) wasserstein distances...
2025-04-16 04:49:45,901 - INFO - /* Time to precompute label distances: 0.08368492126464844 */
2025-04-16 04:49:45,901 - INFO - Concatenating feature vectors...
2025-04-16 04:49:45,901 - INFO - Full datasets sizes
2025-04-16 04:49:45,901 - INFO -  * D1 = 5000 x 128 (1 unique labels)
2025-04-16 04:49:45,901 - INFO -  * D2 = 65 x 128 (1 unique labels)
2025-04-16 04:50:01,949 - INFO - Concatenating feature vectors...
2025-04-16 04:50:02,002 - INFO - Full datasets sizes
2025-04-16 04:50:02,002 - INFO -  * D1 = 5000 x 128 (1 unique labels)
2025-04-16 04:50:02,002 - INFO -  * D2 = 65 x 128 (1 unique labels)
2025-04-16 04:50:02,002 - INFO - Pre-computing pairwise label Wasserstein distances D1 <-> D1...
2025-04-16 04:50:02,003 - INFO - Computing label-to-label (exact) wasserstein distances...
2025-04-16 04:50:02,003 - INFO - Pre-computing pairwise label Wasserstein distances D2 <-> D2...
2025-04-16 04:50:02,003 - INFO - Computing label-to-label (exact) wasserstein distances...
2025-04-16 04:50:02,003 - INFO - Pre-computing pairwise label Wasserstein distances D1 <-> D2...
2025-04-16 04:50:02,003 - INFO - Computing label-to-label (exact) wasserstein distances...
2025-04-16 04:50:02,030 - INFO - /* Time to precompute label distances: 0.08148789405822754 */
2025-04-16 04:50:02,030 - INFO - Concatenating feature vectors...
2025-04-16 04:50:02,030 - INFO - Full datasets sizes
2025-04-16 04:50:02,030 - INFO -  * D1 = 5000 x 128 (1 unique labels)
2025-04-16 04:50:02,030 - INFO -  * D2 = 65 x 128 (1 unique labels)
2025-04-16 04:50:18,161 - INFO - Concatenating feature vectors...
2025-04-16 04:50:18,219 - INFO - Full datasets sizes
2025-04-16 04:50:18,219 - INFO -  * D1 = 5000 x 128 (1 unique labels)
2025-04-16 04:50:18,219 - INFO -  * D2 = 65 x 128 (1 unique labels)
2025-04-16 04:50:18,219 - INFO - Pre-computing pairwise label Wasserstein distances D1 <-> D1...
2025-04-16 04:50:18,219 - INFO - Computing label-to-label (exact) wasserstein distances...
2025-04-16 04:50:18,219 - INFO - Pre-computing pairwise label Wasserstein distances D2 <-> D2...
2025-04-16 04:50:18,219 - INFO - Computing label-to-label (exact) wasserstein distances...
2025-04-16 04:50:18,220 - INFO - Pre-computing pairwise label Wasserstein distances D1 <-> D2...
2025-04-16 04:50:18,220 - INFO - Computing label-to-label (exact) wasserstein distances...
2025-04-16 04:50:18,247 - INFO - /* Time to precompute label distances: 0.08531355857849121 */
2025-04-16 04:50:18,247 - INFO - Concatenating feature vectors...
2025-04-16 04:50:18,247 - INFO - Full datasets sizes
2025-04-16 04:50:18,247 - INFO -  * D1 = 5000 x 128 (1 unique labels)
2025-04-16 04:50:18,247 - INFO -  * D2 = 65 x 128 (1 unique labels)
2025-04-16 04:50:34,310 - INFO - Concatenating feature vectors...
2025-04-16 04:50:34,367 - INFO - Full datasets sizes
2025-04-16 04:50:34,367 - INFO -  * D1 = 5000 x 128 (1 unique labels)
2025-04-16 04:50:34,367 - INFO -  * D2 = 65 x 128 (1 unique labels)
2025-04-16 04:50:34,367 - INFO - Pre-computing pairwise label Wasserstein distances D1 <-> D1...
2025-04-16 04:50:34,367 - INFO - Computing label-to-label (exact) wasserstein distances...
2025-04-16 04:50:34,368 - INFO - Pre-computing pairwise label Wasserstein distances D2 <-> D2...
2025-04-16 04:50:34,368 - INFO - Computing label-to-label (exact) wasserstein distances...
2025-04-16 04:50:34,368 - INFO - Pre-computing pairwise label Wasserstein distances D1 <-> D2...
2025-04-16 04:50:34,368 - INFO - Computing label-to-label (exact) wasserstein distances...
2025-04-16 04:50:34,395 - INFO - /* Time to precompute label distances: 0.08493399620056152 */
2025-04-16 04:50:34,395 - INFO - Concatenating feature vectors...
2025-04-16 04:50:34,395 - INFO - Full datasets sizes
2025-04-16 04:50:34,395 - INFO -  * D1 = 5000 x 128 (1 unique labels)
2025-04-16 04:50:34,395 - INFO -  * D2 = 65 x 128 (1 unique labels)
2025-04-16 04:50:51,125 - INFO - Concatenating feature vectors...
2025-04-16 04:50:51,181 - INFO - Full datasets sizes
2025-04-16 04:50:51,181 - INFO -  * D1 = 5000 x 128 (1 unique labels)
2025-04-16 04:50:51,181 - INFO -  * D2 = 65 x 128 (1 unique labels)
2025-04-16 04:50:51,181 - INFO - Pre-computing pairwise label Wasserstein distances D1 <-> D1...
2025-04-16 04:50:51,182 - INFO - Computing label-to-label (exact) wasserstein distances...
2025-04-16 04:50:51,182 - INFO - Pre-computing pairwise label Wasserstein distances D2 <-> D2...
2025-04-16 04:50:51,182 - INFO - Computing label-to-label (exact) wasserstein distances...
2025-04-16 04:50:51,182 - INFO - Pre-computing pairwise label Wasserstein distances D1 <-> D2...
2025-04-16 04:50:51,182 - INFO - Computing label-to-label (exact) wasserstein distances...
2025-04-16 04:50:51,209 - INFO - /* Time to precompute label distances: 0.08467459678649902 */
2025-04-16 04:50:51,209 - INFO - Concatenating feature vectors...
2025-04-16 04:50:51,209 - INFO - Full datasets sizes
2025-04-16 04:50:51,210 - INFO -  * D1 = 5000 x 128 (1 unique labels)
2025-04-16 04:50:51,210 - INFO -  * D2 = 65 x 128 (1 unique labels)
2025-04-16 04:51:08,422 - INFO - Concatenating feature vectors...
2025-04-16 04:51:08,478 - INFO - Full datasets sizes
2025-04-16 04:51:08,478 - INFO -  * D1 = 5000 x 128 (1 unique labels)
2025-04-16 04:51:08,478 - INFO -  * D2 = 65 x 128 (1 unique labels)
2025-04-16 04:51:08,478 - INFO - Pre-computing pairwise label Wasserstein distances D1 <-> D1...
2025-04-16 04:51:08,478 - INFO - Computing label-to-label (exact) wasserstein distances...
2025-04-16 04:51:08,478 - INFO - Pre-computing pairwise label Wasserstein distances D2 <-> D2...
2025-04-16 04:51:08,478 - INFO - Computing label-to-label (exact) wasserstein distances...
2025-04-16 04:51:08,479 - INFO - Pre-computing pairwise label Wasserstein distances D1 <-> D2...
2025-04-16 04:51:08,479 - INFO - Computing label-to-label (exact) wasserstein distances...
2025-04-16 04:51:08,506 - INFO - /* Time to precompute label distances: 0.0833749771118164 */
2025-04-16 04:51:08,506 - INFO - Concatenating feature vectors...
2025-04-16 04:51:08,506 - INFO - Full datasets sizes
2025-04-16 04:51:08,506 - INFO -  * D1 = 5000 x 128 (1 unique labels)
2025-04-16 04:51:08,506 - INFO -  * D2 = 65 x 128 (1 unique labels)
2025-04-16 04:51:24,978 - INFO - Concatenating feature vectors...
2025-04-16 04:51:25,018 - INFO - Full datasets sizes
2025-04-16 04:51:25,018 - INFO -  * D1 = 5000 x 128 (1 unique labels)
2025-04-16 04:51:25,018 - INFO -  * D2 = 65 x 128 (1 unique labels)
2025-04-16 04:51:25,018 - INFO - Pre-computing pairwise label Wasserstein distances D1 <-> D1...
2025-04-16 04:51:25,019 - INFO - Computing label-to-label (exact) wasserstein distances...
2025-04-16 04:51:25,019 - INFO - Pre-computing pairwise label Wasserstein distances D2 <-> D2...
2025-04-16 04:51:25,019 - INFO - Computing label-to-label (exact) wasserstein distances...
2025-04-16 04:51:25,019 - INFO - Pre-computing pairwise label Wasserstein distances D1 <-> D2...
2025-04-16 04:51:25,019 - INFO - Computing label-to-label (exact) wasserstein distances...
2025-04-16 04:51:25,046 - INFO - /* Time to precompute label distances: 0.06864762306213379 */
2025-04-16 04:51:25,046 - INFO - Concatenating feature vectors...
2025-04-16 04:51:25,047 - INFO - Full datasets sizes
2025-04-16 04:51:25,047 - INFO -  * D1 = 5000 x 128 (1 unique labels)
2025-04-16 04:51:25,047 - INFO -  * D2 = 65 x 128 (1 unique labels)
2025-04-16 04:51:41,638 - INFO - Concatenating feature vectors...
2025-04-16 04:51:41,694 - INFO - Full datasets sizes
2025-04-16 04:51:41,695 - INFO -  * D1 = 5000 x 128 (1 unique labels)
2025-04-16 04:51:41,695 - INFO -  * D2 = 65 x 128 (1 unique labels)
2025-04-16 04:51:41,695 - INFO - Pre-computing pairwise label Wasserstein distances D1 <-> D1...
2025-04-16 04:51:41,695 - INFO - Computing label-to-label (exact) wasserstein distances...
2025-04-16 04:51:41,695 - INFO - Pre-computing pairwise label Wasserstein distances D2 <-> D2...
2025-04-16 04:51:41,695 - INFO - Computing label-to-label (exact) wasserstein distances...
2025-04-16 04:51:41,695 - INFO - Pre-computing pairwise label Wasserstein distances D1 <-> D2...
2025-04-16 04:51:41,696 - INFO - Computing label-to-label (exact) wasserstein distances...
2025-04-16 04:51:41,723 - INFO - /* Time to precompute label distances: 0.08439326286315918 */
2025-04-16 04:51:41,723 - INFO - Concatenating feature vectors...
2025-04-16 04:51:41,723 - INFO - Full datasets sizes
2025-04-16 04:51:41,723 - INFO -  * D1 = 5000 x 128 (1 unique labels)
2025-04-16 04:51:41,723 - INFO -  * D2 = 65 x 128 (1 unique labels)
2025-04-16 04:51:57,826 - INFO - Concatenating feature vectors...
2025-04-16 04:51:57,883 - INFO - Full datasets sizes
2025-04-16 04:51:57,883 - INFO -  * D1 = 5000 x 128 (1 unique labels)
2025-04-16 04:51:57,883 - INFO -  * D2 = 65 x 128 (1 unique labels)
2025-04-16 04:51:57,883 - INFO - Pre-computing pairwise label Wasserstein distances D1 <-> D1...
2025-04-16 04:51:57,884 - INFO - Computing label-to-label (exact) wasserstein distances...
2025-04-16 04:51:57,884 - INFO - Pre-computing pairwise label Wasserstein distances D2 <-> D2...
2025-04-16 04:51:57,884 - INFO - Computing label-to-label (exact) wasserstein distances...
2025-04-16 04:51:57,885 - INFO - Pre-computing pairwise label Wasserstein distances D1 <-> D2...
2025-04-16 04:51:57,885 - INFO - Computing label-to-label (exact) wasserstein distances...
2025-04-16 04:51:57,914 - INFO - /* Time to precompute label distances: 0.08801651000976562 */
2025-04-16 04:51:57,914 - INFO - Concatenating feature vectors...
2025-04-16 04:51:57,914 - INFO - Full datasets sizes
2025-04-16 04:51:57,914 - INFO -  * D1 = 5000 x 128 (1 unique labels)
2025-04-16 04:51:57,914 - INFO -  * D2 = 65 x 128 (1 unique labels)
2025-04-16 04:52:14,530 - INFO - Concatenating feature vectors...
2025-04-16 04:52:14,584 - INFO - Full datasets sizes
2025-04-16 04:52:14,584 - INFO -  * D1 = 5000 x 128 (1 unique labels)
2025-04-16 04:52:14,584 - INFO -  * D2 = 65 x 128 (1 unique labels)
2025-04-16 04:52:14,584 - INFO - Pre-computing pairwise label Wasserstein distances D1 <-> D1...
2025-04-16 04:52:14,585 - INFO - Computing label-to-label (exact) wasserstein distances...
2025-04-16 04:52:14,585 - INFO - Pre-computing pairwise label Wasserstein distances D2 <-> D2...
2025-04-16 04:52:14,585 - INFO - Computing label-to-label (exact) wasserstein distances...
2025-04-16 04:52:14,585 - INFO - Pre-computing pairwise label Wasserstein distances D1 <-> D2...
2025-04-16 04:52:14,585 - INFO - Computing label-to-label (exact) wasserstein distances...
2025-04-16 04:52:14,612 - INFO - /* Time to precompute label distances: 0.08177685737609863 */
2025-04-16 04:52:14,612 - INFO - Concatenating feature vectors...
2025-04-16 04:52:14,612 - INFO - Full datasets sizes
2025-04-16 04:52:14,612 - INFO -  * D1 = 5000 x 128 (1 unique labels)
2025-04-16 04:52:14,612 - INFO -  * D2 = 65 x 128 (1 unique labels)
2025-04-16 04:52:31,443 - INFO - Concatenating feature vectors...
2025-04-16 04:52:31,497 - INFO - Full datasets sizes
2025-04-16 04:52:31,497 - INFO -  * D1 = 5000 x 128 (1 unique labels)
2025-04-16 04:52:31,497 - INFO -  * D2 = 65 x 128 (1 unique labels)
2025-04-16 04:52:31,497 - INFO - Pre-computing pairwise label Wasserstein distances D1 <-> D1...
2025-04-16 04:52:31,497 - INFO - Computing label-to-label (exact) wasserstein distances...
2025-04-16 04:52:31,497 - INFO - Pre-computing pairwise label Wasserstein distances D2 <-> D2...
2025-04-16 04:52:31,497 - INFO - Computing label-to-label (exact) wasserstein distances...
2025-04-16 04:52:31,497 - INFO - Pre-computing pairwise label Wasserstein distances D1 <-> D2...
2025-04-16 04:52:31,498 - INFO - Computing label-to-label (exact) wasserstein distances...
2025-04-16 04:52:31,525 - INFO - /* Time to precompute label distances: 0.08172416687011719 */
2025-04-16 04:52:31,525 - INFO - Concatenating feature vectors...
2025-04-16 04:52:31,525 - INFO - Full datasets sizes
2025-04-16 04:52:31,525 - INFO -  * D1 = 5000 x 128 (1 unique labels)
2025-04-16 04:52:31,525 - INFO -  * D2 = 65 x 128 (1 unique labels)
2025-04-16 04:52:48,087 - INFO - Concatenating feature vectors...
2025-04-16 04:52:48,134 - INFO - Full datasets sizes
2025-04-16 04:52:48,134 - INFO -  * D1 = 5000 x 128 (1 unique labels)
2025-04-16 04:52:48,135 - INFO -  * D2 = 65 x 128 (1 unique labels)
2025-04-16 04:52:48,135 - INFO - Pre-computing pairwise label Wasserstein distances D1 <-> D1...
2025-04-16 04:52:48,135 - INFO - Computing label-to-label (exact) wasserstein distances...
2025-04-16 04:52:48,135 - INFO - Pre-computing pairwise label Wasserstein distances D2 <-> D2...
2025-04-16 04:52:48,135 - INFO - Computing label-to-label (exact) wasserstein distances...
2025-04-16 04:52:48,135 - INFO - Pre-computing pairwise label Wasserstein distances D1 <-> D2...
2025-04-16 04:52:48,136 - INFO - Computing label-to-label (exact) wasserstein distances...
2025-04-16 04:52:48,163 - INFO - /* Time to precompute label distances: 0.07589411735534668 */
2025-04-16 04:52:48,163 - INFO - Concatenating feature vectors...
2025-04-16 04:52:48,163 - INFO - Full datasets sizes
2025-04-16 04:52:48,163 - INFO -  * D1 = 5000 x 128 (1 unique labels)
2025-04-16 04:52:48,163 - INFO -  * D2 = 65 x 128 (1 unique labels)
2025-04-16 04:53:04,775 - INFO - Concatenating feature vectors...
2025-04-16 04:53:04,833 - INFO - Full datasets sizes
2025-04-16 04:53:04,833 - INFO -  * D1 = 5000 x 128 (1 unique labels)
2025-04-16 04:53:04,833 - INFO -  * D2 = 65 x 128 (1 unique labels)
2025-04-16 04:53:04,833 - INFO - Pre-computing pairwise label Wasserstein distances D1 <-> D1...
2025-04-16 04:53:04,834 - INFO - Computing label-to-label (exact) wasserstein distances...
2025-04-16 04:53:04,834 - INFO - Pre-computing pairwise label Wasserstein distances D2 <-> D2...
2025-04-16 04:53:04,834 - INFO - Computing label-to-label (exact) wasserstein distances...
2025-04-16 04:53:04,834 - INFO - Pre-computing pairwise label Wasserstein distances D1 <-> D2...
2025-04-16 04:53:04,834 - INFO - Computing label-to-label (exact) wasserstein distances...
2025-04-16 04:53:04,861 - INFO - /* Time to precompute label distances: 0.08580827713012695 */
2025-04-16 04:53:04,861 - INFO - Concatenating feature vectors...
2025-04-16 04:53:04,861 - INFO - Full datasets sizes
2025-04-16 04:53:04,861 - INFO -  * D1 = 5000 x 128 (1 unique labels)
2025-04-16 04:53:04,861 - INFO -  * D2 = 65 x 128 (1 unique labels)
2025-04-16 04:53:21,177 - INFO - Concatenating feature vectors...
2025-04-16 04:53:21,232 - INFO - Full datasets sizes
2025-04-16 04:53:21,233 - INFO -  * D1 = 5000 x 128 (1 unique labels)
2025-04-16 04:53:21,233 - INFO -  * D2 = 65 x 128 (1 unique labels)
2025-04-16 04:53:21,233 - INFO - Pre-computing pairwise label Wasserstein distances D1 <-> D1...
2025-04-16 04:53:21,233 - INFO - Computing label-to-label (exact) wasserstein distances...
2025-04-16 04:53:21,233 - INFO - Pre-computing pairwise label Wasserstein distances D2 <-> D2...
2025-04-16 04:53:21,233 - INFO - Computing label-to-label (exact) wasserstein distances...
2025-04-16 04:53:21,233 - INFO - Pre-computing pairwise label Wasserstein distances D1 <-> D2...
2025-04-16 04:53:21,234 - INFO - Computing label-to-label (exact) wasserstein distances...
2025-04-16 04:53:21,261 - INFO - /* Time to precompute label distances: 0.08345651626586914 */
2025-04-16 04:53:21,261 - INFO - Concatenating feature vectors...
2025-04-16 04:53:21,261 - INFO - Full datasets sizes
2025-04-16 04:53:21,261 - INFO -  * D1 = 5000 x 128 (1 unique labels)
2025-04-16 04:53:21,261 - INFO -  * D2 = 65 x 128 (1 unique labels)
2025-04-16 04:53:37,531 - INFO - Concatenating feature vectors...
2025-04-16 04:53:37,586 - INFO - Full datasets sizes
2025-04-16 04:53:37,586 - INFO -  * D1 = 5000 x 128 (1 unique labels)
2025-04-16 04:53:37,586 - INFO -  * D2 = 65 x 128 (1 unique labels)
2025-04-16 04:53:37,586 - INFO - Pre-computing pairwise label Wasserstein distances D1 <-> D1...
2025-04-16 04:53:37,586 - INFO - Computing label-to-label (exact) wasserstein distances...
2025-04-16 04:53:37,586 - INFO - Pre-computing pairwise label Wasserstein distances D2 <-> D2...
2025-04-16 04:53:37,586 - INFO - Computing label-to-label (exact) wasserstein distances...
2025-04-16 04:53:37,586 - INFO - Pre-computing pairwise label Wasserstein distances D1 <-> D2...
2025-04-16 04:53:37,587 - INFO - Computing label-to-label (exact) wasserstein distances...
2025-04-16 04:53:37,613 - INFO - /* Time to precompute label distances: 0.08225536346435547 */
2025-04-16 04:53:37,614 - INFO - Concatenating feature vectors...
2025-04-16 04:53:37,614 - INFO - Full datasets sizes
2025-04-16 04:53:37,614 - INFO -  * D1 = 5000 x 128 (1 unique labels)
2025-04-16 04:53:37,614 - INFO -  * D2 = 65 x 128 (1 unique labels)
2025-04-16 04:53:54,855 - INFO - Concatenating feature vectors...
2025-04-16 04:53:54,906 - INFO - Full datasets sizes
2025-04-16 04:53:54,906 - INFO -  * D1 = 5000 x 128 (1 unique labels)
2025-04-16 04:53:54,906 - INFO -  * D2 = 65 x 128 (1 unique labels)
2025-04-16 04:53:54,906 - INFO - Pre-computing pairwise label Wasserstein distances D1 <-> D1...
2025-04-16 04:53:54,907 - INFO - Computing label-to-label (exact) wasserstein distances...
2025-04-16 04:53:54,907 - INFO - Pre-computing pairwise label Wasserstein distances D2 <-> D2...
2025-04-16 04:53:54,907 - INFO - Computing label-to-label (exact) wasserstein distances...
2025-04-16 04:53:54,907 - INFO - Pre-computing pairwise label Wasserstein distances D1 <-> D2...
2025-04-16 04:53:54,907 - INFO - Computing label-to-label (exact) wasserstein distances...
2025-04-16 04:53:54,934 - INFO - /* Time to precompute label distances: 0.07923746109008789 */
2025-04-16 04:53:54,934 - INFO - Concatenating feature vectors...
2025-04-16 04:53:54,934 - INFO - Full datasets sizes
2025-04-16 04:53:54,934 - INFO -  * D1 = 5000 x 128 (1 unique labels)
2025-04-16 04:53:54,934 - INFO -  * D2 = 65 x 128 (1 unique labels)
2025-04-16 04:54:11,595 - INFO - Concatenating feature vectors...
2025-04-16 04:54:11,646 - INFO - Full datasets sizes
2025-04-16 04:54:11,646 - INFO -  * D1 = 5000 x 128 (1 unique labels)
2025-04-16 04:54:11,646 - INFO -  * D2 = 65 x 128 (1 unique labels)
2025-04-16 04:54:11,646 - INFO - Pre-computing pairwise label Wasserstein distances D1 <-> D1...
2025-04-16 04:54:11,647 - INFO - Computing label-to-label (exact) wasserstein distances...
2025-04-16 04:54:11,647 - INFO - Pre-computing pairwise label Wasserstein distances D2 <-> D2...
2025-04-16 04:54:11,647 - INFO - Computing label-to-label (exact) wasserstein distances...
2025-04-16 04:54:11,647 - INFO - Pre-computing pairwise label Wasserstein distances D1 <-> D2...
2025-04-16 04:54:11,647 - INFO - Computing label-to-label (exact) wasserstein distances...
2025-04-16 04:54:11,674 - INFO - /* Time to precompute label distances: 0.07960176467895508 */
2025-04-16 04:54:11,674 - INFO - Concatenating feature vectors...
2025-04-16 04:54:11,674 - INFO - Full datasets sizes
2025-04-16 04:54:11,674 - INFO -  * D1 = 5000 x 128 (1 unique labels)
2025-04-16 04:54:11,674 - INFO -  * D2 = 65 x 128 (1 unique labels)
2025-04-16 04:54:27,750 - INFO - Concatenating feature vectors...
2025-04-16 04:54:27,802 - INFO - Full datasets sizes
2025-04-16 04:54:27,802 - INFO -  * D1 = 5000 x 128 (1 unique labels)
2025-04-16 04:54:27,802 - INFO -  * D2 = 65 x 128 (1 unique labels)
2025-04-16 04:54:27,802 - INFO - Pre-computing pairwise label Wasserstein distances D1 <-> D1...
2025-04-16 04:54:27,803 - INFO - Computing label-to-label (exact) wasserstein distances...
2025-04-16 04:54:27,803 - INFO - Pre-computing pairwise label Wasserstein distances D2 <-> D2...
2025-04-16 04:54:27,803 - INFO - Computing label-to-label (exact) wasserstein distances...
2025-04-16 04:54:27,803 - INFO - Pre-computing pairwise label Wasserstein distances D1 <-> D2...
2025-04-16 04:54:27,803 - INFO - Computing label-to-label (exact) wasserstein distances...
2025-04-16 04:54:27,830 - INFO - /* Time to precompute label distances: 0.07978582382202148 */
2025-04-16 04:54:27,830 - INFO - Concatenating feature vectors...
2025-04-16 04:54:27,831 - INFO - Full datasets sizes
2025-04-16 04:54:27,831 - INFO -  * D1 = 5000 x 128 (1 unique labels)
2025-04-16 04:54:27,831 - INFO -  * D2 = 65 x 128 (1 unique labels)
2025-04-16 04:54:44,251 - INFO - Concatenating feature vectors...
2025-04-16 04:54:44,306 - INFO - Full datasets sizes
2025-04-16 04:54:44,306 - INFO -  * D1 = 5000 x 128 (1 unique labels)
2025-04-16 04:54:44,306 - INFO -  * D2 = 65 x 128 (1 unique labels)
2025-04-16 04:54:44,306 - INFO - Pre-computing pairwise label Wasserstein distances D1 <-> D1...
2025-04-16 04:54:44,306 - INFO - Computing label-to-label (exact) wasserstein distances...
2025-04-16 04:54:44,306 - INFO - Pre-computing pairwise label Wasserstein distances D2 <-> D2...
2025-04-16 04:54:44,306 - INFO - Computing label-to-label (exact) wasserstein distances...
2025-04-16 04:54:44,306 - INFO - Pre-computing pairwise label Wasserstein distances D1 <-> D2...
2025-04-16 04:54:44,307 - INFO - Computing label-to-label (exact) wasserstein distances...
2025-04-16 04:54:44,333 - INFO - /* Time to precompute label distances: 0.08214759826660156 */
2025-04-16 04:54:44,333 - INFO - Concatenating feature vectors...
2025-04-16 04:54:44,333 - INFO - Full datasets sizes
2025-04-16 04:54:44,334 - INFO -  * D1 = 5000 x 128 (1 unique labels)
2025-04-16 04:54:44,334 - INFO -  * D2 = 65 x 128 (1 unique labels)
2025-04-16 04:55:00,463 - INFO - Concatenating feature vectors...
2025-04-16 04:55:00,518 - INFO - Full datasets sizes
2025-04-16 04:55:00,518 - INFO -  * D1 = 5000 x 128 (1 unique labels)
2025-04-16 04:55:00,518 - INFO -  * D2 = 65 x 128 (1 unique labels)
2025-04-16 04:55:00,518 - INFO - Pre-computing pairwise label Wasserstein distances D1 <-> D1...
2025-04-16 04:55:00,518 - INFO - Computing label-to-label (exact) wasserstein distances...
2025-04-16 04:55:00,518 - INFO - Pre-computing pairwise label Wasserstein distances D2 <-> D2...
2025-04-16 04:55:00,518 - INFO - Computing label-to-label (exact) wasserstein distances...
2025-04-16 04:55:00,518 - INFO - Pre-computing pairwise label Wasserstein distances D1 <-> D2...
2025-04-16 04:55:00,519 - INFO - Computing label-to-label (exact) wasserstein distances...
2025-04-16 04:55:00,546 - INFO - /* Time to precompute label distances: 0.08241558074951172 */
2025-04-16 04:55:00,546 - INFO - Concatenating feature vectors...
2025-04-16 04:55:00,546 - INFO - Full datasets sizes
2025-04-16 04:55:00,546 - INFO -  * D1 = 5000 x 128 (1 unique labels)
2025-04-16 04:55:00,546 - INFO -  * D2 = 65 x 128 (1 unique labels)
2025-04-16 04:55:17,648 - INFO - Concatenating feature vectors...
2025-04-16 04:55:17,703 - INFO - Full datasets sizes
2025-04-16 04:55:17,703 - INFO -  * D1 = 5000 x 128 (1 unique labels)
2025-04-16 04:55:17,704 - INFO -  * D2 = 65 x 128 (1 unique labels)
2025-04-16 04:55:17,704 - INFO - Pre-computing pairwise label Wasserstein distances D1 <-> D1...
2025-04-16 04:55:17,704 - INFO - Computing label-to-label (exact) wasserstein distances...
2025-04-16 04:55:17,704 - INFO - Pre-computing pairwise label Wasserstein distances D2 <-> D2...
2025-04-16 04:55:17,704 - INFO - Computing label-to-label (exact) wasserstein distances...
2025-04-16 04:55:17,704 - INFO - Pre-computing pairwise label Wasserstein distances D1 <-> D2...
2025-04-16 04:55:17,705 - INFO - Computing label-to-label (exact) wasserstein distances...
2025-04-16 04:55:17,732 - INFO - /* Time to precompute label distances: 0.08337235450744629 */
2025-04-16 04:55:17,732 - INFO - Concatenating feature vectors...
2025-04-16 04:55:17,732 - INFO - Full datasets sizes
2025-04-16 04:55:17,732 - INFO -  * D1 = 5000 x 128 (1 unique labels)
2025-04-16 04:55:17,732 - INFO -  * D2 = 65 x 128 (1 unique labels)
2025-04-16 04:55:34,349 - INFO - Concatenating feature vectors...
2025-04-16 04:55:34,406 - INFO - Full datasets sizes
2025-04-16 04:55:34,407 - INFO -  * D1 = 5000 x 128 (1 unique labels)
2025-04-16 04:55:34,407 - INFO -  * D2 = 65 x 128 (1 unique labels)
2025-04-16 04:55:34,407 - INFO - Pre-computing pairwise label Wasserstein distances D1 <-> D1...
2025-04-16 04:55:34,407 - INFO - Computing label-to-label (exact) wasserstein distances...
2025-04-16 04:55:34,407 - INFO - Pre-computing pairwise label Wasserstein distances D2 <-> D2...
2025-04-16 04:55:34,407 - INFO - Computing label-to-label (exact) wasserstein distances...
2025-04-16 04:55:34,407 - INFO - Pre-computing pairwise label Wasserstein distances D1 <-> D2...
2025-04-16 04:55:34,408 - INFO - Computing label-to-label (exact) wasserstein distances...
2025-04-16 04:55:34,434 - INFO - /* Time to precompute label distances: 0.08575129508972168 */
2025-04-16 04:55:34,435 - INFO - Concatenating feature vectors...
2025-04-16 04:55:34,435 - INFO - Full datasets sizes
2025-04-16 04:55:34,435 - INFO -  * D1 = 5000 x 128 (1 unique labels)
2025-04-16 04:55:34,435 - INFO -  * D2 = 65 x 128 (1 unique labels)
2025-04-16 04:55:50,834 - INFO - Concatenating feature vectors...
2025-04-16 04:55:50,891 - INFO - Full datasets sizes
2025-04-16 04:55:50,891 - INFO -  * D1 = 5000 x 128 (1 unique labels)
2025-04-16 04:55:50,891 - INFO -  * D2 = 65 x 128 (1 unique labels)
2025-04-16 04:55:50,891 - INFO - Pre-computing pairwise label Wasserstein distances D1 <-> D1...
2025-04-16 04:55:50,891 - INFO - Computing label-to-label (exact) wasserstein distances...
2025-04-16 04:55:50,892 - INFO - Pre-computing pairwise label Wasserstein distances D2 <-> D2...
2025-04-16 04:55:50,892 - INFO - Computing label-to-label (exact) wasserstein distances...
2025-04-16 04:55:50,892 - INFO - Pre-computing pairwise label Wasserstein distances D1 <-> D2...
2025-04-16 04:55:50,892 - INFO - Computing label-to-label (exact) wasserstein distances...
2025-04-16 04:55:50,919 - INFO - /* Time to precompute label distances: 0.08460450172424316 */
2025-04-16 04:55:50,919 - INFO - Concatenating feature vectors...
2025-04-16 04:55:50,919 - INFO - Full datasets sizes
2025-04-16 04:55:50,919 - INFO -  * D1 = 5000 x 128 (1 unique labels)
2025-04-16 04:55:50,919 - INFO -  * D2 = 65 x 128 (1 unique labels)
2025-04-16 04:56:07,155 - INFO - Concatenating feature vectors...
2025-04-16 04:56:07,207 - INFO - Full datasets sizes
2025-04-16 04:56:07,207 - INFO -  * D1 = 5000 x 128 (1 unique labels)
2025-04-16 04:56:07,207 - INFO -  * D2 = 65 x 128 (1 unique labels)
2025-04-16 04:56:07,207 - INFO - Pre-computing pairwise label Wasserstein distances D1 <-> D1...
2025-04-16 04:56:07,207 - INFO - Computing label-to-label (exact) wasserstein distances...
2025-04-16 04:56:07,207 - INFO - Pre-computing pairwise label Wasserstein distances D2 <-> D2...
2025-04-16 04:56:07,207 - INFO - Computing label-to-label (exact) wasserstein distances...
2025-04-16 04:56:07,207 - INFO - Pre-computing pairwise label Wasserstein distances D1 <-> D2...
2025-04-16 04:56:07,208 - INFO - Computing label-to-label (exact) wasserstein distances...
2025-04-16 04:56:07,235 - INFO - /* Time to precompute label distances: 0.07983183860778809 */
2025-04-16 04:56:07,235 - INFO - Concatenating feature vectors...
2025-04-16 04:56:07,235 - INFO - Full datasets sizes
2025-04-16 04:56:07,235 - INFO -  * D1 = 5000 x 128 (1 unique labels)
2025-04-16 04:56:07,235 - INFO -  * D2 = 65 x 128 (1 unique labels)
2025-04-16 04:56:23,257 - INFO - Concatenating feature vectors...
2025-04-16 04:56:23,303 - INFO - Full datasets sizes
2025-04-16 04:56:23,303 - INFO -  * D1 = 5000 x 128 (1 unique labels)
2025-04-16 04:56:23,303 - INFO -  * D2 = 65 x 128 (1 unique labels)
2025-04-16 04:56:23,303 - INFO - Pre-computing pairwise label Wasserstein distances D1 <-> D1...
2025-04-16 04:56:23,303 - INFO - Computing label-to-label (exact) wasserstein distances...
2025-04-16 04:56:23,303 - INFO - Pre-computing pairwise label Wasserstein distances D2 <-> D2...
2025-04-16 04:56:23,303 - INFO - Computing label-to-label (exact) wasserstein distances...
2025-04-16 04:56:23,303 - INFO - Pre-computing pairwise label Wasserstein distances D1 <-> D2...
2025-04-16 04:56:23,304 - INFO - Computing label-to-label (exact) wasserstein distances...
2025-04-16 04:56:23,331 - INFO - /* Time to precompute label distances: 0.07400369644165039 */
2025-04-16 04:56:23,331 - INFO - Concatenating feature vectors...
2025-04-16 04:56:23,331 - INFO - Full datasets sizes
2025-04-16 04:56:23,331 - INFO -  * D1 = 5000 x 128 (1 unique labels)
2025-04-16 04:56:23,331 - INFO -  * D2 = 65 x 128 (1 unique labels)
2025-04-16 04:56:39,408 - INFO - Concatenating feature vectors...
2025-04-16 04:56:39,464 - INFO - Full datasets sizes
2025-04-16 04:56:39,464 - INFO -  * D1 = 5000 x 128 (1 unique labels)
2025-04-16 04:56:39,465 - INFO -  * D2 = 65 x 128 (1 unique labels)
2025-04-16 04:56:39,465 - INFO - Pre-computing pairwise label Wasserstein distances D1 <-> D1...
2025-04-16 04:56:39,465 - INFO - Computing label-to-label (exact) wasserstein distances...
2025-04-16 04:56:39,465 - INFO - Pre-computing pairwise label Wasserstein distances D2 <-> D2...
2025-04-16 04:56:39,465 - INFO - Computing label-to-label (exact) wasserstein distances...
2025-04-16 04:56:39,465 - INFO - Pre-computing pairwise label Wasserstein distances D1 <-> D2...
2025-04-16 04:56:39,465 - INFO - Computing label-to-label (exact) wasserstein distances...
2025-04-16 04:56:39,492 - INFO - /* Time to precompute label distances: 0.08410429954528809 */
2025-04-16 04:56:39,493 - INFO - Concatenating feature vectors...
2025-04-16 04:56:39,493 - INFO - Full datasets sizes
2025-04-16 04:56:39,493 - INFO -  * D1 = 5000 x 128 (1 unique labels)
2025-04-16 04:56:39,493 - INFO -  * D2 = 65 x 128 (1 unique labels)
2025-04-16 04:56:55,862 - INFO - Concatenating feature vectors...
2025-04-16 04:56:55,917 - INFO - Full datasets sizes
2025-04-16 04:56:55,917 - INFO -  * D1 = 5000 x 128 (1 unique labels)
2025-04-16 04:56:55,917 - INFO -  * D2 = 65 x 128 (1 unique labels)
2025-04-16 04:56:55,917 - INFO - Pre-computing pairwise label Wasserstein distances D1 <-> D1...
2025-04-16 04:56:55,918 - INFO - Computing label-to-label (exact) wasserstein distances...
2025-04-16 04:56:55,918 - INFO - Pre-computing pairwise label Wasserstein distances D2 <-> D2...
2025-04-16 04:56:55,918 - INFO - Computing label-to-label (exact) wasserstein distances...
2025-04-16 04:56:55,918 - INFO - Pre-computing pairwise label Wasserstein distances D1 <-> D2...
2025-04-16 04:56:55,918 - INFO - Computing label-to-label (exact) wasserstein distances...
2025-04-16 04:56:55,945 - INFO - /* Time to precompute label distances: 0.08316254615783691 */
2025-04-16 04:56:55,945 - INFO - Concatenating feature vectors...
2025-04-16 04:56:55,945 - INFO - Full datasets sizes
2025-04-16 04:56:55,945 - INFO -  * D1 = 5000 x 128 (1 unique labels)
2025-04-16 04:56:55,946 - INFO -  * D2 = 65 x 128 (1 unique labels)
2025-04-16 04:57:12,804 - INFO - Concatenating feature vectors...
2025-04-16 04:57:12,858 - INFO - Full datasets sizes
2025-04-16 04:57:12,858 - INFO -  * D1 = 5000 x 128 (1 unique labels)
2025-04-16 04:57:12,858 - INFO -  * D2 = 65 x 128 (1 unique labels)
2025-04-16 04:57:12,858 - INFO - Pre-computing pairwise label Wasserstein distances D1 <-> D1...
2025-04-16 04:57:12,859 - INFO - Computing label-to-label (exact) wasserstein distances...
2025-04-16 04:57:12,859 - INFO - Pre-computing pairwise label Wasserstein distances D2 <-> D2...
2025-04-16 04:57:12,859 - INFO - Computing label-to-label (exact) wasserstein distances...
2025-04-16 04:57:12,859 - INFO - Pre-computing pairwise label Wasserstein distances D1 <-> D2...
2025-04-16 04:57:12,859 - INFO - Computing label-to-label (exact) wasserstein distances...
2025-04-16 04:57:12,886 - INFO - /* Time to precompute label distances: 0.08235669136047363 */
2025-04-16 04:57:12,886 - INFO - Concatenating feature vectors...
2025-04-16 04:57:12,887 - INFO - Full datasets sizes
2025-04-16 04:57:12,887 - INFO -  * D1 = 5000 x 128 (1 unique labels)
2025-04-16 04:57:12,887 - INFO -  * D2 = 65 x 128 (1 unique labels)
2025-04-16 04:57:29,109 - INFO - Concatenating feature vectors...
2025-04-16 04:57:29,182 - INFO - Full datasets sizes
2025-04-16 04:57:29,182 - INFO -  * D1 = 5000 x 128 (1 unique labels)
2025-04-16 04:57:29,182 - INFO -  * D2 = 65 x 128 (1 unique labels)
2025-04-16 04:57:29,182 - INFO - Pre-computing pairwise label Wasserstein distances D1 <-> D1...
2025-04-16 04:57:29,183 - INFO - Computing label-to-label (exact) wasserstein distances...
2025-04-16 04:57:29,183 - INFO - Pre-computing pairwise label Wasserstein distances D2 <-> D2...
2025-04-16 04:57:29,183 - INFO - Computing label-to-label (exact) wasserstein distances...
2025-04-16 04:57:29,183 - INFO - Pre-computing pairwise label Wasserstein distances D1 <-> D2...
2025-04-16 04:57:29,183 - INFO - Computing label-to-label (exact) wasserstein distances...
2025-04-16 04:57:29,210 - INFO - /* Time to precompute label distances: 0.10101962089538574 */
2025-04-16 04:57:29,210 - INFO - Concatenating feature vectors...
2025-04-16 04:57:29,210 - INFO - Full datasets sizes
2025-04-16 04:57:29,210 - INFO -  * D1 = 5000 x 128 (1 unique labels)
2025-04-16 04:57:29,210 - INFO -  * D2 = 65 x 128 (1 unique labels)
2025-04-16 04:57:46,118 - INFO - Concatenating feature vectors...
2025-04-16 04:57:46,352 - INFO - Full datasets sizes
2025-04-16 04:57:46,352 - INFO -  * D1 = 5000 x 128 (1 unique labels)
2025-04-16 04:57:46,352 - INFO -  * D2 = 65 x 128 (1 unique labels)
2025-04-16 04:57:46,352 - INFO - Pre-computing pairwise label Wasserstein distances D1 <-> D1...
2025-04-16 04:57:46,352 - INFO - Computing label-to-label (exact) wasserstein distances...
2025-04-16 04:57:46,352 - INFO - Pre-computing pairwise label Wasserstein distances D2 <-> D2...
2025-04-16 04:57:46,352 - INFO - Computing label-to-label (exact) wasserstein distances...
2025-04-16 04:57:46,353 - INFO - Pre-computing pairwise label Wasserstein distances D1 <-> D2...
2025-04-16 04:57:46,353 - INFO - Computing label-to-label (exact) wasserstein distances...
2025-04-16 04:57:46,380 - INFO - /* Time to precompute label distances: 0.26220130920410156 */
2025-04-16 04:57:46,380 - INFO - Concatenating feature vectors...
2025-04-16 04:57:46,380 - INFO - Full datasets sizes
2025-04-16 04:57:46,380 - INFO -  * D1 = 5000 x 128 (1 unique labels)
2025-04-16 04:57:46,380 - INFO -  * D2 = 65 x 128 (1 unique labels)
2025-04-16 04:58:02,735 - INFO - Concatenating feature vectors...
2025-04-16 04:58:02,792 - INFO - Full datasets sizes
2025-04-16 04:58:02,792 - INFO -  * D1 = 5000 x 128 (1 unique labels)
2025-04-16 04:58:02,792 - INFO -  * D2 = 65 x 128 (1 unique labels)
2025-04-16 04:58:02,792 - INFO - Pre-computing pairwise label Wasserstein distances D1 <-> D1...
2025-04-16 04:58:02,792 - INFO - Computing label-to-label (exact) wasserstein distances...
2025-04-16 04:58:02,793 - INFO - Pre-computing pairwise label Wasserstein distances D2 <-> D2...
2025-04-16 04:58:02,793 - INFO - Computing label-to-label (exact) wasserstein distances...
2025-04-16 04:58:02,793 - INFO - Pre-computing pairwise label Wasserstein distances D1 <-> D2...
2025-04-16 04:58:02,793 - INFO - Computing label-to-label (exact) wasserstein distances...
2025-04-16 04:58:02,820 - INFO - /* Time to precompute label distances: 0.08509349822998047 */
2025-04-16 04:58:02,820 - INFO - Concatenating feature vectors...
2025-04-16 04:58:02,820 - INFO - Full datasets sizes
2025-04-16 04:58:02,820 - INFO -  * D1 = 5000 x 128 (1 unique labels)
2025-04-16 04:58:02,820 - INFO -  * D2 = 65 x 128 (1 unique labels)
2025-04-16 04:58:18,627 - INFO - Concatenating feature vectors...
2025-04-16 04:58:18,681 - INFO - Full datasets sizes
2025-04-16 04:58:18,681 - INFO -  * D1 = 5000 x 128 (1 unique labels)
2025-04-16 04:58:18,681 - INFO -  * D2 = 65 x 128 (1 unique labels)
2025-04-16 04:58:18,681 - INFO - Pre-computing pairwise label Wasserstein distances D1 <-> D1...
2025-04-16 04:58:18,681 - INFO - Computing label-to-label (exact) wasserstein distances...
2025-04-16 04:58:18,682 - INFO - Pre-computing pairwise label Wasserstein distances D2 <-> D2...
2025-04-16 04:58:18,682 - INFO - Computing label-to-label (exact) wasserstein distances...
2025-04-16 04:58:18,682 - INFO - Pre-computing pairwise label Wasserstein distances D1 <-> D2...
2025-04-16 04:58:18,682 - INFO - Computing label-to-label (exact) wasserstein distances...
2025-04-16 04:58:18,709 - INFO - /* Time to precompute label distances: 0.08232808113098145 */
2025-04-16 04:58:18,709 - INFO - Concatenating feature vectors...
2025-04-16 04:58:18,709 - INFO - Full datasets sizes
2025-04-16 04:58:18,709 - INFO -  * D1 = 5000 x 128 (1 unique labels)
2025-04-16 04:58:18,709 - INFO -  * D2 = 65 x 128 (1 unique labels)
